# JRE version: OpenJDK Runtime Environment (11.0.11+9) (build 11.0.11+9-Ubuntu-0ubuntu2.20.04)
# Java VM: OpenJDK 64-Bit Server VM (11.0.11+9-Ubuntu-0ubuntu2.20.04, mixed mode, sharing, tiered, compressed oops, g1 gc, linux-amd64)
Heap:
 garbage-first heap   total 86016K, used 42355K [0x0000000084a00000, 0x0000000100000000)
  region size 1024K, 16 young (16384K), 2 survivors (2048K)
 Metaspace       used 65087K, capacity 67159K, committed 67408K, reserved 1107968K
  class space    used 8052K, capacity 8840K, committed 8960K, reserved 1048576K
GC Heap History (20 events):
Event: 11.638 GC heap before
{Heap before GC invocations=10 (full 0):
 garbage-first heap   total 155648K, used 101976K [0x0000000084a00000, 0x0000000100000000)
  region size 1024K, 91 young (93184K), 9 survivors (9216K)
 Metaspace       used 49155K, capacity 50431K, committed 50768K, reserved 1093632K
  class space    used 6353K, capacity 6865K, committed 6912K, reserved 1048576K
}
Event: 11.660 GC heap after
{Heap after GC invocations=11 (full 0):
 garbage-first heap   total 155648K, used 21292K [0x0000000084a00000, 0x0000000100000000)
  region size 1024K, 7 young (7168K), 7 survivors (7168K)
 Metaspace       used 49155K, capacity 50431K, committed 50768K, reserved 1093632K
  class space    used 6353K, capacity 6865K, committed 6912K, reserved 1048576K
}
Event: 14.939 GC heap before
{Heap before GC invocations=11 (full 0):
 garbage-first heap   total 155648K, used 107308K [0x0000000084a00000, 0x0000000100000000)
  region size 1024K, 91 young (93184K), 7 survivors (7168K)
 Metaspace       used 57853K, capacity 59568K, committed 59728K, reserved 1101824K
  class space    used 7413K, capacity 8099K, committed 8192K, reserved 1048576K
}
Event: 14.979 GC heap after
{Heap after GC invocations=12 (full 0):
 garbage-first heap   total 205824K, used 26262K [0x0000000084a00000, 0x0000000100000000)
  region size 1024K, 9 young (9216K), 9 survivors (9216K)
 Metaspace       used 57853K, capacity 59568K, committed 59728K, reserved 1101824K
  class space    used 7413K, capacity 8099K, committed 8192K, reserved 1048576K
}
Event: 15.396 GC heap before
{Heap before GC invocations=12 (full 0):
 garbage-first heap   total 205824K, used 43670K [0x0000000084a00000, 0x0000000100000000)
  region size 1024K, 27 young (27648K), 9 survivors (9216K)
 Metaspace       used 58380K, capacity 60096K, committed 60240K, reserved 1101824K
  class space    used 7418K, capacity 8101K, committed 8192K, reserved 1048576K
}
Event: 15.420 GC heap after
{Heap after GC invocations=13 (full 0):
 garbage-first heap   total 205824K, used 26292K [0x0000000084a00000, 0x0000000100000000)
  region size 1024K, 9 young (9216K), 9 survivors (9216K)
 Metaspace       used 58380K, capacity 60096K, committed 60240K, reserved 1101824K
  class space    used 7418K, capacity 8101K, committed 8192K, reserved 1048576K
}
Event: 866.570 GC heap before
{Heap before GC invocations=14 (full 0):
 garbage-first heap   total 205824K, used 62132K [0x0000000084a00000, 0x0000000100000000)
  region size 1024K, 45 young (46080K), 9 survivors (9216K)
 Metaspace       used 62746K, capacity 64608K, committed 64848K, reserved 1105920K
  class space    used 7955K, capacity 8663K, committed 8704K, reserved 1048576K
}
Event: 866.691 GC heap after
{Heap after GC invocations=15 (full 1):
 garbage-first heap   total 86016K, used 21963K [0x0000000084a00000, 0x0000000100000000)
  region size 1024K, 0 young (0K), 0 survivors (0K)
 Metaspace       used 62742K, capacity 64602K, committed 64848K, reserved 1105920K
  class space    used 7955K, capacity 8662K, committed 8704K, reserved 1048576K
}
Event: 867.486 GC heap before
{Heap before GC invocations=15 (full 1):
 garbage-first heap   total 86016K, used 65995K [0x0000000084a00000, 0x0000000100000000)
  region size 1024K, 44 young (45056K), 0 survivors (0K)
 Metaspace       used 63149K, capacity 65057K, committed 65104K, reserved 1105920K
  class space    used 7968K, capacity 8677K, committed 8704K, reserved 1048576K
}
Event: 867.500 GC heap after
{Heap after GC invocations=16 (full 1):
 garbage-first heap   total 86016K, used 25035K [0x0000000084a00000, 0x0000000100000000)
  region size 1024K, 3 young (3072K), 3 survivors (3072K)
 Metaspace       used 63149K, capacity 65057K, committed 65104K, reserved 1105920K
  class space    used 7968K, capacity 8677K, committed 8704K, reserved 1048576K
}
Event: 867.761 GC heap before
{Heap before GC invocations=16 (full 1):
 garbage-first heap   total 86016K, used 65995K [0x0000000084a00000, 0x0000000100000000)
  region size 1024K, 44 young (45056K), 3 survivors (3072K)
 Metaspace       used 63256K, capacity 65129K, committed 65360K, reserved 1105920K
  class space    used 7968K, capacity 8678K, committed 8704K, reserved 1048576K
}
Event: 867.770 GC heap after
{Heap after GC invocations=17 (full 1):
 garbage-first heap   total 86016K, used 25954K [0x0000000084a00000, 0x0000000100000000)
  region size 1024K, 4 young (4096K), 4 survivors (4096K)
 Metaspace       used 63256K, capacity 65129K, committed 65360K, reserved 1105920K
  class space    used 7968K, capacity 8678K, committed 8704K, reserved 1048576K
}
Event: 868.869 GC heap before
{Heap before GC invocations=17 (full 1):
 garbage-first heap   total 86016K, used 66914K [0x0000000084a00000, 0x0000000100000000)
  region size 1024K, 44 young (45056K), 4 survivors (4096K)
 Metaspace       used 64204K, capacity 66203K, committed 66512K, reserved 1107968K
  class space    used 8021K, capacity 8773K, committed 8832K, reserved 1048576K
}
Event: 868.885 GC heap after
{Heap after GC invocations=18 (full 1):
 garbage-first heap   total 86016K, used 27876K [0x0000000084a00000, 0x0000000100000000)
  region size 1024K, 4 young (4096K), 4 survivors (4096K)
 Metaspace       used 64204K, capacity 66203K, committed 66512K, reserved 1107968K
  class space    used 8021K, capacity 8773K, committed 8832K, reserved 1048576K
}
Event: 1587.071 GC heap before
{Heap before GC invocations=18 (full 1):
 garbage-first heap   total 86016K, used 66788K [0x0000000084a00000, 0x0000000100000000)
  region size 1024K, 42 young (43008K), 4 survivors (4096K)
 Metaspace       used 64635K, capacity 66684K, committed 66768K, reserved 1107968K
  class space    used 8039K, capacity 8816K, committed 8832K, reserved 1048576K
}
Event: 1587.080 GC heap after
{Heap after GC invocations=19 (full 1):
 garbage-first heap   total 86016K, used 28748K [0x0000000084a00000, 0x0000000100000000)
  region size 1024K, 4 young (4096K), 4 survivors (4096K)
 Metaspace       used 64635K, capacity 66684K, committed 66768K, reserved 1107968K
  class space    used 8039K, capacity 8816K, committed 8832K, reserved 1048576K
}
Event: 4077.261 GC heap before
{Heap before GC invocations=19 (full 1):
 garbage-first heap   total 86016K, used 66636K [0x0000000084a00000, 0x0000000100000000)
  region size 1024K, 41 young (41984K), 4 survivors (4096K)
 Metaspace       used 64960K, capacity 67029K, committed 67408K, reserved 1107968K
  class space    used 8052K, capacity 8840K, committed 8960K, reserved 1048576K
}
Event: 4077.270 GC heap after
{Heap after GC invocations=20 (full 1):
 garbage-first heap   total 86016K, used 28864K [0x0000000084a00000, 0x0000000100000000)
  region size 1024K, 4 young (4096K), 4 survivors (4096K)
 Metaspace       used 64960K, capacity 67029K, committed 67408K, reserved 1107968K
  class space    used 8052K, capacity 8840K, committed 8960K, reserved 1048576K
}
Event: 6914.670 GC heap before
{Heap before GC invocations=20 (full 1):
 garbage-first heap   total 86016K, used 66752K [0x0000000084a00000, 0x0000000100000000)
  region size 1024K, 41 young (41984K), 4 survivors (4096K)
 Metaspace       used 65066K, capacity 67093K, committed 67408K, reserved 1107968K
  class space    used 8052K, capacity 8840K, committed 8960K, reserved 1048576K
}
Event: 6914.679 GC heap after
{Heap after GC invocations=21 (full 1):
 garbage-first heap   total 86016K, used 29043K [0x0000000084a00000, 0x0000000100000000)
  region size 1024K, 2 young (2048K), 2 survivors (2048K)
 Metaspace       used 65066K, capacity 67093K, committed 67408K, reserved 1107968K
  class space    used 8052K, capacity 8840K, committed 8960K, reserved 1048576K
}

